<?xml version="1.0" encoding="UTF-8"?>
<!-- Generated by org.testng.reporters.JUnitXMLReporter -->
<testsuite ignored="0" hostname="DESKTOP-2HBQUQ9" failures="0" tests="5" name="Default test" time="32.904" errors="0" timestamp="2022-10-02T18:57:55 IST">
  <testcase classname="com.facebook.Runner_Class" name="urlLaunch" time="9.231"/>
  <testcase classname="com.facebook.Runner_Class" name="logIn" time="0.803"/>
  <testcase classname="com.facebook.Runner_Class" name="takeScreenshot" time="7.535"/>
  <testcase classname="com.facebook.Runner_Class" name="backToPage" time="0.751"/>
  <testcase classname="com.facebook.Runner_Class" name="create_Account" time="14.233"/>
</testsuite> <!-- Default test -->
