<?xml version="1.0" encoding="UTF-8"?>
<testng-results ignored="0" total="5" passed="5" failed="0" skipped="0">
  <reporter-output>
  </reporter-output>
  <suite started-at="2022-10-02T18:57:18 IST" name="Default suite" finished-at="2022-10-02T18:57:51 IST" duration-ms="32904">
    <groups>
    </groups>
    <test started-at="2022-10-02T18:57:18 IST" name="Default test" finished-at="2022-10-02T18:57:51 IST" duration-ms="32904">
      <class name="com.facebook.Runner_Class">
        <test-method signature="urlLaunch()[pri:-2, instance:com.facebook.Runner_Class@72b16078]" started-at="2022-10-02T18:57:18 IST" name="urlLaunch" finished-at="2022-10-02T18:57:28 IST" duration-ms="9231" status="PASS">
          <reporter-output>
          </reporter-output>
        </test-method> <!-- urlLaunch -->
        <test-method signature="logIn()[pri:-1, instance:com.facebook.Runner_Class@72b16078]" started-at="2022-10-02T18:57:28 IST" name="logIn" finished-at="2022-10-02T18:57:28 IST" duration-ms="803" status="PASS">
          <reporter-output>
          </reporter-output>
        </test-method> <!-- logIn -->
        <test-method signature="takeScreenshot()[pri:0, instance:com.facebook.Runner_Class@72b16078]" started-at="2022-10-02T18:57:28 IST" name="takeScreenshot" finished-at="2022-10-02T18:57:36 IST" duration-ms="7535" status="PASS">
          <reporter-output>
          </reporter-output>
        </test-method> <!-- takeScreenshot -->
        <test-method signature="backToPage()[pri:1, instance:com.facebook.Runner_Class@72b16078]" started-at="2022-10-02T18:57:36 IST" name="backToPage" finished-at="2022-10-02T18:57:37 IST" duration-ms="751" status="PASS">
          <reporter-output>
          </reporter-output>
        </test-method> <!-- backToPage -->
        <test-method signature="create_Account()[pri:2, instance:com.facebook.Runner_Class@72b16078]" started-at="2022-10-02T18:57:37 IST" name="create_Account" finished-at="2022-10-02T18:57:51 IST" duration-ms="14233" status="PASS">
          <reporter-output>
          </reporter-output>
        </test-method> <!-- create_Account -->
      </class> <!-- com.facebook.Runner_Class -->
    </test> <!-- Default test -->
  </suite> <!-- Default suite -->
</testng-results>
